23-Jan-2022 00:28:46.333 GRAVE [http-nio-8080-exec-46] org.apache.catalina.core.StandardWrapperValve.invoke El Servlet.service() para el servlet [jsp] en el contexto con ruta [/sakiladb] lanzó la excepción [No se puede compilar la clase para JSP: 

Ha tenido lugar un error en la línea: [91] en el archivo jsp: [/index.jsp]
Syntax error on token ">", new expected
88:                     </div>
89:                 </div>
90:                 <%}%>
91:                 <% } else {>
92:                     <p>No hay datos para mostrar intentalo de nuevo.</p>
93:                 <%}%>
94:             </div>


Ha tenido lugar un error en la línea: [92] en el archivo jsp: [/index.jsp]
p cannot be resolved to a type
89:                 </div>
90:                 <%}%>
91:                 <% } else {>
92:                     <p>No hay datos para mostrar intentalo de nuevo.</p>
93:                 <%}%>
94:             </div>
95:         </div>


Ha tenido lugar un error en la línea: [92] en el archivo jsp: [/index.jsp]
Syntax error, insert "( )" to complete ClassInstanceCreationExpression
89:                 </div>
90:                 <%}%>
91:                 <% } else {>
92:                     <p>No hay datos para mostrar intentalo de nuevo.</p>
93:                 <%}%>
94:             </div>
95:         </div>


Ha tenido lugar un error en la línea: [92] en el archivo jsp: [/index.jsp]
Syntax error, insert ";" to complete BlockStatements
89:                 </div>
90:                 <%}%>
91:                 <% } else {>
92:                     <p>No hay datos para mostrar intentalo de nuevo.</p>
93:                 <%}%>
94:             </div>
95:         </div>


Ha tenido lugar un error en la línea: [92] en el archivo jsp: [/index.jsp]
No cannot be resolved to a type
89:                 </div>
90:                 <%}%>
91:                 <% } else {>
92:                     <p>No hay datos para mostrar intentalo de nuevo.</p>
93:                 <%}%>
94:             </div>
95:         </div>


Ha tenido lugar un error en la línea: [92] en el archivo jsp: [/index.jsp]
hay cannot be resolved to a type
89:                 </div>
90:                 <%}%>
91:                 <% } else {>
92:                     <p>No hay datos para mostrar intentalo de nuevo.</p>
93:                 <%}%>
94:             </div>
95:         </div>


Ha tenido lugar un error en la línea: [92] en el archivo jsp: [/index.jsp]
Syntax error on token "para", ; expected
89:                 </div>
90:                 <%}%>
91:                 <% } else {>
92:                     <p>No hay datos para mostrar intentalo de nuevo.</p>
93:                 <%}%>
94:             </div>
95:         </div>


Ha tenido lugar un error en la línea: [92] en el archivo jsp: [/index.jsp]
mostrar cannot be resolved to a type
89:                 </div>
90:                 <%}%>
91:                 <% } else {>
92:                     <p>No hay datos para mostrar intentalo de nuevo.</p>
93:                 <%}%>
94:             </div>
95:         </div>


Ha tenido lugar un error en la línea: [92] en el archivo jsp: [/index.jsp]
Syntax error on token "de", ; expected
89:                 </div>
90:                 <%}%>
91:                 <% } else {>
92:                     <p>No hay datos para mostrar intentalo de nuevo.</p>
93:                 <%}%>
94:             </div>
95:         </div>


Ha tenido lugar un error en la línea: [92] en el archivo jsp: [/index.jsp]
nuevo cannot be resolved
89:                 </div>
90:                 <%}%>
91:                 <% } else {>
92:                     <p>No hay datos para mostrar intentalo de nuevo.</p>
93:                 <%}%>
94:             </div>
95:         </div>


Ha tenido lugar un error en la línea: [92] en el archivo jsp: [/index.jsp]
Syntax error on token "/", delete this token
89:                 </div>
90:                 <%}%>
91:                 <% } else {>
92:                     <p>No hay datos para mostrar intentalo de nuevo.</p>
93:                 <%}%>
94:             </div>
95:         </div>


Ha tenido lugar un error en la línea: [92] en el archivo jsp: [/index.jsp]
p cannot be resolved to a type
89:                 </div>
90:                 <%}%>
91:                 <% } else {>
92:                     <p>No hay datos para mostrar intentalo de nuevo.</p>
93:                 <%}%>
94:             </div>
95:         </div>


Ha tenido lugar un error en la línea: [92] en el archivo jsp: [/index.jsp]
Syntax error, insert "Identifier ( )" to complete MethodInvocation
89:                 </div>
90:                 <%}%>
91:                 <% } else {>
92:                     <p>No hay datos para mostrar intentalo de nuevo.</p>
93:                 <%}%>
94:             </div>
95:         </div>


Ha tenido lugar un error en la línea: [92] en el archivo jsp: [/index.jsp]
Syntax error, insert ";" to complete Statement
89:                 </div>
90:                 <%}%>
91:                 <% } else {>
92:                     <p>No hay datos para mostrar intentalo de nuevo.</p>
93:                 <%}%>
94:             </div>
95:         </div>


Stacktrace:] con causa raíz
	org.apache.jasper.JasperException: No se puede compilar la clase para JSP: 

Ha tenido lugar un error en la línea: [91] en el archivo jsp: [/index.jsp]
Syntax error on token ">", new expected
88:                     </div>
89:                 </div>
90:                 <%}%>
91:                 <% } else {>
92:                     <p>No hay datos para mostrar intentalo de nuevo.</p>
93:                 <%}%>
94:             </div>


Ha tenido lugar un error en la línea: [92] en el archivo jsp: [/index.jsp]
p cannot be resolved to a type
89:                 </div>
90:                 <%}%>
91:                 <% } else {>
92:                     <p>No hay datos para mostrar intentalo de nuevo.</p>
93:                 <%}%>
94:             </div>
95:         </div>


Ha tenido lugar un error en la línea: [92] en el archivo jsp: [/index.jsp]
Syntax error, insert "( )" to complete ClassInstanceCreationExpression
89:                 </div>
90:                 <%}%>
91:                 <% } else {>
92:                     <p>No hay datos para mostrar intentalo de nuevo.</p>
93:                 <%}%>
94:             </div>
95:         </div>


Ha tenido lugar un error en la línea: [92] en el archivo jsp: [/index.jsp]
Syntax error, insert ";" to complete BlockStatements
89:                 </div>
90:                 <%}%>
91:                 <% } else {>
92:                     <p>No hay datos para mostrar intentalo de nuevo.</p>
93:                 <%}%>
94:             </div>
95:         </div>


Ha tenido lugar un error en la línea: [92] en el archivo jsp: [/index.jsp]
No cannot be resolved to a type
89:                 </div>
90:                 <%}%>
91:                 <% } else {>
92:                     <p>No hay datos para mostrar intentalo de nuevo.</p>
93:                 <%}%>
94:             </div>
95:         </div>


Ha tenido lugar un error en la línea: [92] en el archivo jsp: [/index.jsp]
hay cannot be resolved to a type
89:                 </div>
90:                 <%}%>
91:                 <% } else {>
92:                     <p>No hay datos para mostrar intentalo de nuevo.</p>
93:                 <%}%>
94:             </div>
95:         </div>


Ha tenido lugar un error en la línea: [92] en el archivo jsp: [/index.jsp]
Syntax error on token "para", ; expected
89:                 </div>
90:                 <%}%>
91:                 <% } else {>
92:                     <p>No hay datos para mostrar intentalo de nuevo.</p>
93:                 <%}%>
94:             </div>
95:         </div>


Ha tenido lugar un error en la línea: [92] en el archivo jsp: [/index.jsp]
mostrar cannot be resolved to a type
89:                 </div>
90:                 <%}%>
91:                 <% } else {>
92:                     <p>No hay datos para mostrar intentalo de nuevo.</p>
93:                 <%}%>
94:             </div>
95:         </div>


Ha tenido lugar un error en la línea: [92] en el archivo jsp: [/index.jsp]
Syntax error on token "de", ; expected
89:                 </div>
90:                 <%}%>
91:                 <% } else {>
92:                     <p>No hay datos para mostrar intentalo de nuevo.</p>
93:                 <%}%>
94:             </div>
95:         </div>


Ha tenido lugar un error en la línea: [92] en el archivo jsp: [/index.jsp]
nuevo cannot be resolved
89:                 </div>
90:                 <%}%>
91:                 <% } else {>
92:                     <p>No hay datos para mostrar intentalo de nuevo.</p>
93:                 <%}%>
94:             </div>
95:         </div>


Ha tenido lugar un error en la línea: [92] en el archivo jsp: [/index.jsp]
Syntax error on token "/", delete this token
89:                 </div>
90:                 <%}%>
91:                 <% } else {>
92:                     <p>No hay datos para mostrar intentalo de nuevo.</p>
93:                 <%}%>
94:             </div>
95:         </div>


Ha tenido lugar un error en la línea: [92] en el archivo jsp: [/index.jsp]
p cannot be resolved to a type
89:                 </div>
90:                 <%}%>
91:                 <% } else {>
92:                     <p>No hay datos para mostrar intentalo de nuevo.</p>
93:                 <%}%>
94:             </div>
95:         </div>


Ha tenido lugar un error en la línea: [92] en el archivo jsp: [/index.jsp]
Syntax error, insert "Identifier ( )" to complete MethodInvocation
89:                 </div>
90:                 <%}%>
91:                 <% } else {>
92:                     <p>No hay datos para mostrar intentalo de nuevo.</p>
93:                 <%}%>
94:             </div>
95:         </div>


Ha tenido lugar un error en la línea: [92] en el archivo jsp: [/index.jsp]
Syntax error, insert ";" to complete Statement
89:                 </div>
90:                 <%}%>
91:                 <% } else {>
92:                     <p>No hay datos para mostrar intentalo de nuevo.</p>
93:                 <%}%>
94:             </div>
95:         </div>


Stacktrace:
		at org.apache.jasper.compiler.DefaultErrorHandler.javacError(DefaultErrorHandler.java:102)
		at org.apache.jasper.compiler.ErrorDispatcher.javacError(ErrorDispatcher.java:213)
		at org.apache.jasper.compiler.JDTCompiler.generateClass(JDTCompiler.java:545)
		at org.apache.jasper.compiler.Compiler.compile(Compiler.java:380)
		at org.apache.jasper.compiler.Compiler.compile(Compiler.java:350)
		at org.apache.jasper.compiler.Compiler.compile(Compiler.java:334)
		at org.apache.jasper.JspCompilationContext.compile(JspCompilationContext.java:597)
		at org.apache.jasper.servlet.JspServletWrapper.service(JspServletWrapper.java:398)
		at org.apache.jasper.servlet.JspServlet.serviceJspFile(JspServlet.java:383)
		at org.apache.jasper.servlet.JspServlet.service(JspServlet.java:331)
		at javax.servlet.http.HttpServlet.service(HttpServlet.java:764)
		at org.apache.catalina.core.ApplicationFilterChain.internalDoFilter(ApplicationFilterChain.java:232)
		at org.apache.catalina.core.ApplicationFilterChain.doFilter(ApplicationFilterChain.java:167)
		at org.apache.tomcat.websocket.server.WsFilter.doFilter(WsFilter.java:52)
		at org.apache.catalina.core.ApplicationFilterChain.internalDoFilter(ApplicationFilterChain.java:194)
		at org.apache.catalina.core.ApplicationFilterChain.doFilter(ApplicationFilterChain.java:167)
		at org.apache.catalina.core.StandardWrapperValve.invoke(StandardWrapperValve.java:202)
		at org.apache.catalina.core.StandardContextValve.invoke(StandardContextValve.java:97)
		at org.apache.catalina.authenticator.AuthenticatorBase.invoke(AuthenticatorBase.java:544)
		at org.apache.catalina.core.StandardHostValve.invoke(StandardHostValve.java:143)
		at org.apache.catalina.valves.ErrorReportValve.invoke(ErrorReportValve.java:81)
		at org.apache.catalina.valves.AbstractAccessLogValve.invoke(AbstractAccessLogValve.java:698)
		at org.apache.catalina.core.StandardEngineValve.invoke(StandardEngineValve.java:78)
		at org.apache.catalina.connector.CoyoteAdapter.service(CoyoteAdapter.java:364)
		at org.apache.coyote.http11.Http11Processor.service(Http11Processor.java:624)
		at org.apache.coyote.AbstractProcessorLight.process(AbstractProcessorLight.java:65)
		at org.apache.coyote.AbstractProtocol$ConnectionHandler.process(AbstractProtocol.java:831)
		at org.apache.tomcat.util.net.NioEndpoint$SocketProcessor.doRun(NioEndpoint.java:1651)
		at org.apache.tomcat.util.net.SocketProcessorBase.run(SocketProcessorBase.java:49)
		at java.base/java.util.concurrent.ThreadPoolExecutor.runWorker(ThreadPoolExecutor.java:1128)
		at java.base/java.util.concurrent.ThreadPoolExecutor$Worker.run(ThreadPoolExecutor.java:628)
		at org.apache.tomcat.util.threads.TaskThread$WrappingRunnable.run(TaskThread.java:61)
		at java.base/java.lang.Thread.run(Thread.java:829)
23-Jan-2022 00:38:18.340 INFORMACIÓN [localhost-startStop-2] org.apache.catalina.core.ApplicationContext.log SessionListener: contextDestroyed()
23-Jan-2022 00:38:18.340 INFORMACIÓN [localhost-startStop-2] org.apache.catalina.core.ApplicationContext.log ContextListener: contextDestroyed()
23-Jan-2022 00:38:41.069 INFORMACIÓN [localhost-startStop-1] org.apache.catalina.core.ApplicationContext.log ContextListener: contextInitialized()
23-Jan-2022 00:38:41.069 INFORMACIÓN [localhost-startStop-1] org.apache.catalina.core.ApplicationContext.log SessionListener: contextInitialized()
23-Jan-2022 00:38:41.077 INFORMACIÓN [localhost-startStop-1] org.apache.catalina.core.ApplicationContext.log ContextListener: attributeAdded('StockTicker', 'async.Stockticker@5b51462e')
23-Jan-2022 00:43:40.481 INFORMACIÓN [localhost-startStop-2] org.apache.catalina.core.ApplicationContext.log SessionListener: contextDestroyed()
23-Jan-2022 00:43:40.481 INFORMACIÓN [localhost-startStop-2] org.apache.catalina.core.ApplicationContext.log ContextListener: contextDestroyed()
23-Jan-2022 00:47:35.193 INFORMACIÓN [localhost-startStop-1] org.apache.catalina.core.ApplicationContext.log ContextListener: contextInitialized()
23-Jan-2022 00:47:35.193 INFORMACIÓN [localhost-startStop-1] org.apache.catalina.core.ApplicationContext.log SessionListener: contextInitialized()
23-Jan-2022 00:47:35.200 INFORMACIÓN [localhost-startStop-1] org.apache.catalina.core.ApplicationContext.log ContextListener: attributeAdded('StockTicker', 'async.Stockticker@60f8c789')
23-Jan-2022 01:25:40.370 INFORMACIÓN [localhost-startStop-2] org.apache.catalina.core.ApplicationContext.log SessionListener: contextDestroyed()
23-Jan-2022 01:25:40.370 INFORMACIÓN [localhost-startStop-2] org.apache.catalina.core.ApplicationContext.log ContextListener: contextDestroyed()
23-Jan-2022 13:44:55.512 INFORMACIÓN [localhost-startStop-1] org.apache.catalina.core.ApplicationContext.log ContextListener: contextInitialized()
23-Jan-2022 13:44:55.512 INFORMACIÓN [localhost-startStop-1] org.apache.catalina.core.ApplicationContext.log SessionListener: contextInitialized()
23-Jan-2022 13:44:55.513 INFORMACIÓN [localhost-startStop-1] org.apache.catalina.core.ApplicationContext.log ContextListener: attributeAdded('StockTicker', 'async.Stockticker@4713ad60')
23-Jan-2022 14:27:16.067 INFORMACIÓN [localhost-startStop-2] org.apache.catalina.core.ApplicationContext.log SessionListener: contextDestroyed()
23-Jan-2022 14:27:16.067 INFORMACIÓN [localhost-startStop-2] org.apache.catalina.core.ApplicationContext.log ContextListener: contextDestroyed()
23-Jan-2022 14:29:01.680 INFORMACIÓN [localhost-startStop-1] org.apache.catalina.core.ApplicationContext.log ContextListener: contextInitialized()
23-Jan-2022 14:29:01.680 INFORMACIÓN [localhost-startStop-1] org.apache.catalina.core.ApplicationContext.log SessionListener: contextInitialized()
23-Jan-2022 14:29:01.684 INFORMACIÓN [localhost-startStop-1] org.apache.catalina.core.ApplicationContext.log ContextListener: attributeAdded('StockTicker', 'async.Stockticker@213d53ae')
23-Jan-2022 14:32:30.709 INFORMACIÓN [localhost-startStop-2] org.apache.catalina.core.ApplicationContext.log SessionListener: contextDestroyed()
23-Jan-2022 14:32:30.710 INFORMACIÓN [localhost-startStop-2] org.apache.catalina.core.ApplicationContext.log ContextListener: contextDestroyed()
23-Jan-2022 17:52:46.672 INFORMACIÓN [localhost-startStop-1] org.apache.catalina.core.ApplicationContext.log ContextListener: contextInitialized()
23-Jan-2022 17:52:46.672 INFORMACIÓN [localhost-startStop-1] org.apache.catalina.core.ApplicationContext.log SessionListener: contextInitialized()
23-Jan-2022 17:52:46.674 INFORMACIÓN [localhost-startStop-1] org.apache.catalina.core.ApplicationContext.log ContextListener: attributeAdded('StockTicker', 'async.Stockticker@7f61d5b8')
23-Jan-2022 17:56:12.052 INFORMACIÓN [localhost-startStop-2] org.apache.catalina.core.ApplicationContext.log SessionListener: contextDestroyed()
23-Jan-2022 17:56:12.052 INFORMACIÓN [localhost-startStop-2] org.apache.catalina.core.ApplicationContext.log ContextListener: contextDestroyed()
23-Jan-2022 19:43:14.299 INFORMACIÓN [localhost-startStop-1] org.apache.catalina.core.ApplicationContext.log ContextListener: contextInitialized()
23-Jan-2022 19:43:14.299 INFORMACIÓN [localhost-startStop-1] org.apache.catalina.core.ApplicationContext.log SessionListener: contextInitialized()
23-Jan-2022 19:43:14.304 INFORMACIÓN [localhost-startStop-1] org.apache.catalina.core.ApplicationContext.log ContextListener: attributeAdded('StockTicker', 'async.Stockticker@1a6261b0')
23-Jan-2022 19:46:35.414 GRAVE [http-nio-8080-exec-17] org.apache.catalina.core.StandardWrapperValve.invoke Servlet.service() para servlet [updateFilm] lanzó excepción
	java.lang.NumberFormatException: For input string: "2006-01-01"
		at java.base/java.lang.NumberFormatException.forInputString(NumberFormatException.java:65)
		at java.base/java.lang.Integer.parseInt(Integer.java:652)
		at java.base/java.lang.Integer.parseInt(Integer.java:770)
		at com.flaviodev.orm_web.updateFilm.doPost(updateFilm.java:92)
		at javax.servlet.http.HttpServlet.service(HttpServlet.java:681)
		at javax.servlet.http.HttpServlet.service(HttpServlet.java:764)
		at org.apache.catalina.core.ApplicationFilterChain.internalDoFilter(ApplicationFilterChain.java:232)
		at org.apache.catalina.core.ApplicationFilterChain.doFilter(ApplicationFilterChain.java:167)
		at org.apache.tomcat.websocket.server.WsFilter.doFilter(WsFilter.java:52)
		at org.apache.catalina.core.ApplicationFilterChain.internalDoFilter(ApplicationFilterChain.java:194)
		at org.apache.catalina.core.ApplicationFilterChain.doFilter(ApplicationFilterChain.java:167)
		at org.apache.catalina.core.StandardWrapperValve.invoke(StandardWrapperValve.java:202)
		at org.apache.catalina.core.StandardContextValve.invoke(StandardContextValve.java:97)
		at org.apache.catalina.authenticator.AuthenticatorBase.invoke(AuthenticatorBase.java:544)
		at org.apache.catalina.core.StandardHostValve.invoke(StandardHostValve.java:143)
		at org.apache.catalina.valves.ErrorReportValve.invoke(ErrorReportValve.java:81)
		at org.apache.catalina.valves.AbstractAccessLogValve.invoke(AbstractAccessLogValve.java:698)
		at org.apache.catalina.core.StandardEngineValve.invoke(StandardEngineValve.java:78)
		at org.apache.catalina.connector.CoyoteAdapter.service(CoyoteAdapter.java:364)
		at org.apache.coyote.http11.Http11Processor.service(Http11Processor.java:624)
		at org.apache.coyote.AbstractProcessorLight.process(AbstractProcessorLight.java:65)
		at org.apache.coyote.AbstractProtocol$ConnectionHandler.process(AbstractProtocol.java:831)
		at org.apache.tomcat.util.net.NioEndpoint$SocketProcessor.doRun(NioEndpoint.java:1651)
		at org.apache.tomcat.util.net.SocketProcessorBase.run(SocketProcessorBase.java:49)
		at java.base/java.util.concurrent.ThreadPoolExecutor.runWorker(ThreadPoolExecutor.java:1128)
		at java.base/java.util.concurrent.ThreadPoolExecutor$Worker.run(ThreadPoolExecutor.java:628)
		at org.apache.tomcat.util.threads.TaskThread$WrappingRunnable.run(TaskThread.java:61)
		at java.base/java.lang.Thread.run(Thread.java:829)
23-Jan-2022 19:48:05.383 GRAVE [http-nio-8080-exec-22] org.apache.catalina.core.StandardWrapperValve.invoke Servlet.service() para servlet [updateFilm] lanzó excepción
	java.lang.NumberFormatException: For input string: "Escoge un idioma"
		at java.base/java.lang.NumberFormatException.forInputString(NumberFormatException.java:65)
		at java.base/java.lang.Integer.parseInt(Integer.java:652)
		at java.base/java.lang.Integer.parseInt(Integer.java:770)
		at com.flaviodev.orm_web.updateFilm.doPost(updateFilm.java:92)
		at javax.servlet.http.HttpServlet.service(HttpServlet.java:681)
		at javax.servlet.http.HttpServlet.service(HttpServlet.java:764)
		at org.apache.catalina.core.ApplicationFilterChain.internalDoFilter(ApplicationFilterChain.java:232)
		at org.apache.catalina.core.ApplicationFilterChain.doFilter(ApplicationFilterChain.java:167)
		at org.apache.tomcat.websocket.server.WsFilter.doFilter(WsFilter.java:52)
		at org.apache.catalina.core.ApplicationFilterChain.internalDoFilter(ApplicationFilterChain.java:194)
		at org.apache.catalina.core.ApplicationFilterChain.doFilter(ApplicationFilterChain.java:167)
		at org.apache.catalina.core.StandardWrapperValve.invoke(StandardWrapperValve.java:202)
		at org.apache.catalina.core.StandardContextValve.invoke(StandardContextValve.java:97)
		at org.apache.catalina.authenticator.AuthenticatorBase.invoke(AuthenticatorBase.java:544)
		at org.apache.catalina.core.StandardHostValve.invoke(StandardHostValve.java:143)
		at org.apache.catalina.valves.ErrorReportValve.invoke(ErrorReportValve.java:81)
		at org.apache.catalina.valves.AbstractAccessLogValve.invoke(AbstractAccessLogValve.java:698)
		at org.apache.catalina.core.StandardEngineValve.invoke(StandardEngineValve.java:78)
		at org.apache.catalina.connector.CoyoteAdapter.service(CoyoteAdapter.java:364)
		at org.apache.coyote.http11.Http11Processor.service(Http11Processor.java:624)
		at org.apache.coyote.AbstractProcessorLight.process(AbstractProcessorLight.java:65)
		at org.apache.coyote.AbstractProtocol$ConnectionHandler.process(AbstractProtocol.java:831)
		at org.apache.tomcat.util.net.NioEndpoint$SocketProcessor.doRun(NioEndpoint.java:1651)
		at org.apache.tomcat.util.net.SocketProcessorBase.run(SocketProcessorBase.java:49)
		at java.base/java.util.concurrent.ThreadPoolExecutor.runWorker(ThreadPoolExecutor.java:1128)
		at java.base/java.util.concurrent.ThreadPoolExecutor$Worker.run(ThreadPoolExecutor.java:628)
		at org.apache.tomcat.util.threads.TaskThread$WrappingRunnable.run(TaskThread.java:61)
		at java.base/java.lang.Thread.run(Thread.java:829)
23-Jan-2022 19:56:47.491 GRAVE [http-nio-8080-exec-21] org.apache.catalina.core.StandardWrapperValve.invoke Servlet.service() para servlet [updateFilm] lanzó excepción
	java.lang.NumberFormatException: For input string: "Escoge un idioma"
		at java.base/java.lang.NumberFormatException.forInputString(NumberFormatException.java:65)
		at java.base/java.lang.Integer.parseInt(Integer.java:652)
		at java.base/java.lang.Integer.parseInt(Integer.java:770)
		at com.flaviodev.orm_web.updateFilm.doPost(updateFilm.java:92)
		at javax.servlet.http.HttpServlet.service(HttpServlet.java:681)
		at javax.servlet.http.HttpServlet.service(HttpServlet.java:764)
		at org.apache.catalina.core.ApplicationFilterChain.internalDoFilter(ApplicationFilterChain.java:232)
		at org.apache.catalina.core.ApplicationFilterChain.doFilter(ApplicationFilterChain.java:167)
		at org.apache.tomcat.websocket.server.WsFilter.doFilter(WsFilter.java:52)
		at org.apache.catalina.core.ApplicationFilterChain.internalDoFilter(ApplicationFilterChain.java:194)
		at org.apache.catalina.core.ApplicationFilterChain.doFilter(ApplicationFilterChain.java:167)
		at org.apache.catalina.core.StandardWrapperValve.invoke(StandardWrapperValve.java:202)
		at org.apache.catalina.core.StandardContextValve.invoke(StandardContextValve.java:97)
		at org.apache.catalina.authenticator.AuthenticatorBase.invoke(AuthenticatorBase.java:544)
		at org.apache.catalina.core.StandardHostValve.invoke(StandardHostValve.java:143)
		at org.apache.catalina.valves.ErrorReportValve.invoke(ErrorReportValve.java:81)
		at org.apache.catalina.valves.AbstractAccessLogValve.invoke(AbstractAccessLogValve.java:698)
		at org.apache.catalina.core.StandardEngineValve.invoke(StandardEngineValve.java:78)
		at org.apache.catalina.connector.CoyoteAdapter.service(CoyoteAdapter.java:364)
		at org.apache.coyote.http11.Http11Processor.service(Http11Processor.java:624)
		at org.apache.coyote.AbstractProcessorLight.process(AbstractProcessorLight.java:65)
		at org.apache.coyote.AbstractProtocol$ConnectionHandler.process(AbstractProtocol.java:831)
		at org.apache.tomcat.util.net.NioEndpoint$SocketProcessor.doRun(NioEndpoint.java:1651)
		at org.apache.tomcat.util.net.SocketProcessorBase.run(SocketProcessorBase.java:49)
		at java.base/java.util.concurrent.ThreadPoolExecutor.runWorker(ThreadPoolExecutor.java:1128)
		at java.base/java.util.concurrent.ThreadPoolExecutor$Worker.run(ThreadPoolExecutor.java:628)
		at org.apache.tomcat.util.threads.TaskThread$WrappingRunnable.run(TaskThread.java:61)
		at java.base/java.lang.Thread.run(Thread.java:829)
23-Jan-2022 19:57:49.241 GRAVE [http-nio-8080-exec-22] org.apache.catalina.core.StandardWrapperValve.invoke Servlet.service() para servlet [updateFilm] lanzó excepción
	java.lang.NumberFormatException: For input string: "Escoge un idioma"
		at java.base/java.lang.NumberFormatException.forInputString(NumberFormatException.java:65)
		at java.base/java.lang.Integer.parseInt(Integer.java:652)
		at java.base/java.lang.Integer.parseInt(Integer.java:770)
		at com.flaviodev.orm_web.updateFilm.doPost(updateFilm.java:92)
		at javax.servlet.http.HttpServlet.service(HttpServlet.java:681)
		at javax.servlet.http.HttpServlet.service(HttpServlet.java:764)
		at org.apache.catalina.core.ApplicationFilterChain.internalDoFilter(ApplicationFilterChain.java:232)
		at org.apache.catalina.core.ApplicationFilterChain.doFilter(ApplicationFilterChain.java:167)
		at org.apache.tomcat.websocket.server.WsFilter.doFilter(WsFilter.java:52)
		at org.apache.catalina.core.ApplicationFilterChain.internalDoFilter(ApplicationFilterChain.java:194)
		at org.apache.catalina.core.ApplicationFilterChain.doFilter(ApplicationFilterChain.java:167)
		at org.apache.catalina.core.StandardWrapperValve.invoke(StandardWrapperValve.java:202)
		at org.apache.catalina.core.StandardContextValve.invoke(StandardContextValve.java:97)
		at org.apache.catalina.authenticator.AuthenticatorBase.invoke(AuthenticatorBase.java:544)
		at org.apache.catalina.core.StandardHostValve.invoke(StandardHostValve.java:143)
		at org.apache.catalina.valves.ErrorReportValve.invoke(ErrorReportValve.java:81)
		at org.apache.catalina.valves.AbstractAccessLogValve.invoke(AbstractAccessLogValve.java:698)
		at org.apache.catalina.core.StandardEngineValve.invoke(StandardEngineValve.java:78)
		at org.apache.catalina.connector.CoyoteAdapter.service(CoyoteAdapter.java:364)
		at org.apache.coyote.http11.Http11Processor.service(Http11Processor.java:624)
		at org.apache.coyote.AbstractProcessorLight.process(AbstractProcessorLight.java:65)
		at org.apache.coyote.AbstractProtocol$ConnectionHandler.process(AbstractProtocol.java:831)
		at org.apache.tomcat.util.net.NioEndpoint$SocketProcessor.doRun(NioEndpoint.java:1651)
		at org.apache.tomcat.util.net.SocketProcessorBase.run(SocketProcessorBase.java:49)
		at java.base/java.util.concurrent.ThreadPoolExecutor.runWorker(ThreadPoolExecutor.java:1128)
		at java.base/java.util.concurrent.ThreadPoolExecutor$Worker.run(ThreadPoolExecutor.java:628)
		at org.apache.tomcat.util.threads.TaskThread$WrappingRunnable.run(TaskThread.java:61)
		at java.base/java.lang.Thread.run(Thread.java:829)
23-Jan-2022 19:59:50.120 GRAVE [http-nio-8080-exec-24] org.apache.catalina.core.StandardWrapperValve.invoke Servlet.service() para servlet [updateFilm] lanzó excepción
	java.lang.NumberFormatException: For input string: "Escoge un idioma"
		at java.base/java.lang.NumberFormatException.forInputString(NumberFormatException.java:65)
		at java.base/java.lang.Integer.parseInt(Integer.java:652)
		at java.base/java.lang.Integer.parseInt(Integer.java:770)
		at com.flaviodev.orm_web.updateFilm.doPost(updateFilm.java:98)
		at javax.servlet.http.HttpServlet.service(HttpServlet.java:681)
		at javax.servlet.http.HttpServlet.service(HttpServlet.java:764)
		at org.apache.catalina.core.ApplicationFilterChain.internalDoFilter(ApplicationFilterChain.java:232)
		at org.apache.catalina.core.ApplicationFilterChain.doFilter(ApplicationFilterChain.java:167)
		at org.apache.tomcat.websocket.server.WsFilter.doFilter(WsFilter.java:52)
		at org.apache.catalina.core.ApplicationFilterChain.internalDoFilter(ApplicationFilterChain.java:194)
		at org.apache.catalina.core.ApplicationFilterChain.doFilter(ApplicationFilterChain.java:167)
		at org.apache.catalina.core.StandardWrapperValve.invoke(StandardWrapperValve.java:202)
		at org.apache.catalina.core.StandardContextValve.invoke(StandardContextValve.java:97)
		at org.apache.catalina.authenticator.AuthenticatorBase.invoke(AuthenticatorBase.java:544)
		at org.apache.catalina.core.StandardHostValve.invoke(StandardHostValve.java:143)
		at org.apache.catalina.valves.ErrorReportValve.invoke(ErrorReportValve.java:81)
		at org.apache.catalina.valves.AbstractAccessLogValve.invoke(AbstractAccessLogValve.java:698)
		at org.apache.catalina.core.StandardEngineValve.invoke(StandardEngineValve.java:78)
		at org.apache.catalina.connector.CoyoteAdapter.service(CoyoteAdapter.java:364)
		at org.apache.coyote.http11.Http11Processor.service(Http11Processor.java:624)
		at org.apache.coyote.AbstractProcessorLight.process(AbstractProcessorLight.java:65)
		at org.apache.coyote.AbstractProtocol$ConnectionHandler.process(AbstractProtocol.java:831)
		at org.apache.tomcat.util.net.NioEndpoint$SocketProcessor.doRun(NioEndpoint.java:1651)
		at org.apache.tomcat.util.net.SocketProcessorBase.run(SocketProcessorBase.java:49)
		at java.base/java.util.concurrent.ThreadPoolExecutor.runWorker(ThreadPoolExecutor.java:1128)
		at java.base/java.util.concurrent.ThreadPoolExecutor$Worker.run(ThreadPoolExecutor.java:628)
		at org.apache.tomcat.util.threads.TaskThread$WrappingRunnable.run(TaskThread.java:61)
		at java.base/java.lang.Thread.run(Thread.java:829)
23-Jan-2022 20:00:08.420 GRAVE [http-nio-8080-exec-34] org.apache.catalina.core.StandardWrapperValve.invoke Servlet.service() para servlet [updateFilm] lanzó excepción
	java.lang.NumberFormatException: For input string: "Escoge un idioma"
		at java.base/java.lang.NumberFormatException.forInputString(NumberFormatException.java:65)
		at java.base/java.lang.Integer.parseInt(Integer.java:652)
		at java.base/java.lang.Integer.parseInt(Integer.java:770)
		at com.flaviodev.orm_web.updateFilm.doPost(updateFilm.java:98)
		at javax.servlet.http.HttpServlet.service(HttpServlet.java:681)
		at javax.servlet.http.HttpServlet.service(HttpServlet.java:764)
		at org.apache.catalina.core.ApplicationFilterChain.internalDoFilter(ApplicationFilterChain.java:232)
		at org.apache.catalina.core.ApplicationFilterChain.doFilter(ApplicationFilterChain.java:167)
		at org.apache.tomcat.websocket.server.WsFilter.doFilter(WsFilter.java:52)
		at org.apache.catalina.core.ApplicationFilterChain.internalDoFilter(ApplicationFilterChain.java:194)
		at org.apache.catalina.core.ApplicationFilterChain.doFilter(ApplicationFilterChain.java:167)
		at org.apache.catalina.core.StandardWrapperValve.invoke(StandardWrapperValve.java:202)
		at org.apache.catalina.core.StandardContextValve.invoke(StandardContextValve.java:97)
		at org.apache.catalina.authenticator.AuthenticatorBase.invoke(AuthenticatorBase.java:544)
		at org.apache.catalina.core.StandardHostValve.invoke(StandardHostValve.java:143)
		at org.apache.catalina.valves.ErrorReportValve.invoke(ErrorReportValve.java:81)
		at org.apache.catalina.valves.AbstractAccessLogValve.invoke(AbstractAccessLogValve.java:698)
		at org.apache.catalina.core.StandardEngineValve.invoke(StandardEngineValve.java:78)
		at org.apache.catalina.connector.CoyoteAdapter.service(CoyoteAdapter.java:364)
		at org.apache.coyote.http11.Http11Processor.service(Http11Processor.java:624)
		at org.apache.coyote.AbstractProcessorLight.process(AbstractProcessorLight.java:65)
		at org.apache.coyote.AbstractProtocol$ConnectionHandler.process(AbstractProtocol.java:831)
		at org.apache.tomcat.util.net.NioEndpoint$SocketProcessor.doRun(NioEndpoint.java:1651)
		at org.apache.tomcat.util.net.SocketProcessorBase.run(SocketProcessorBase.java:49)
		at java.base/java.util.concurrent.ThreadPoolExecutor.runWorker(ThreadPoolExecutor.java:1128)
		at java.base/java.util.concurrent.ThreadPoolExecutor$Worker.run(ThreadPoolExecutor.java:628)
		at org.apache.tomcat.util.threads.TaskThread$WrappingRunnable.run(TaskThread.java:61)
		at java.base/java.lang.Thread.run(Thread.java:829)
23-Jan-2022 20:01:53.633 INFORMACIÓN [localhost-startStop-2] org.apache.catalina.core.ApplicationContext.log SessionListener: contextDestroyed()
23-Jan-2022 20:01:53.638 INFORMACIÓN [localhost-startStop-2] org.apache.catalina.core.ApplicationContext.log ContextListener: contextDestroyed()
23-Jan-2022 20:02:38.200 INFORMACIÓN [localhost-startStop-1] org.apache.catalina.core.ApplicationContext.log ContextListener: contextInitialized()
23-Jan-2022 20:02:38.200 INFORMACIÓN [localhost-startStop-1] org.apache.catalina.core.ApplicationContext.log SessionListener: contextInitialized()
23-Jan-2022 20:02:38.202 INFORMACIÓN [localhost-startStop-1] org.apache.catalina.core.ApplicationContext.log ContextListener: attributeAdded('StockTicker', 'async.Stockticker@3bf2d5aa')
23-Jan-2022 20:14:01.188 INFORMACIÓN [localhost-startStop-2] org.apache.catalina.core.ApplicationContext.log SessionListener: contextDestroyed()
23-Jan-2022 20:14:01.189 INFORMACIÓN [localhost-startStop-2] org.apache.catalina.core.ApplicationContext.log ContextListener: contextDestroyed()
